Determining if the pthread_create exist failed with the following output:
Change Dir: /home/fjj/documents/fjj_ros_code/fjj_project_code/build/CMakeFiles/CMakeTmp

Run Build Command:"/usr/bin/make" "cmTC_917f9/fast"
/usr/bin/make -f CMakeFiles/cmTC_917f9.dir/build.make CMakeFiles/cmTC_917f9.dir/build
make[1]: Entering directory '/home/fjj/documents/fjj_ros_code/fjj_project_code/build/CMakeFiles/CMakeTmp'
Building C object CMakeFiles/cmTC_917f9.dir/CheckSymbolExists.c.o
/usr/bin/cc     -o CMakeFiles/cmTC_917f9.dir/CheckSymbolExists.c.o   -c /home/fjj/documents/fjj_ros_code/fjj_project_code/build/CMakeFiles/CMakeTmp/CheckSymbolExists.c
Linking C executable cmTC_917f9
/usr/bin/cmake -E cmake_link_script CMakeFiles/cmTC_917f9.dir/link.txt --verbose=1
/usr/bin/cc       CMakeFiles/cmTC_917f9.dir/CheckSymbolExists.c.o  -o cmTC_917f9 -rdynamic 
CMakeFiles/cmTC_917f9.dir/CheckSymbolExists.c.o：在函数‘main’中：
CheckSymbolExists.c:(.text+0x16)：对‘pthread_create’未定义的引用
collect2: error: ld returned 1 exit status
CMakeFiles/cmTC_917f9.dir/build.make:97: recipe for target 'cmTC_917f9' failed
make[1]: *** [cmTC_917f9] Error 1
make[1]: Leaving directory '/home/fjj/documents/fjj_ros_code/fjj_project_code/build/CMakeFiles/CMakeTmp'
Makefile:126: recipe for target 'cmTC_917f9/fast' failed
make: *** [cmTC_917f9/fast] Error 2

File /home/fjj/documents/fjj_ros_code/fjj_project_code/build/CMakeFiles/CMakeTmp/CheckSymbolExists.c:
/* */
#include <pthread.h>

int main(int argc, char** argv)
{
  (void)argv;
#ifndef pthread_create
  return ((int*)(&pthread_create))[argc];
#else
  (void)argc;
  return 0;
#endif
}

Determining if the function pthread_create exists in the pthreads failed with the following output:
Change Dir: /home/fjj/documents/fjj_ros_code/fjj_project_code/build/CMakeFiles/CMakeTmp

Run Build Command:"/usr/bin/make" "cmTC_f06c7/fast"
/usr/bin/make -f CMakeFiles/cmTC_f06c7.dir/build.make CMakeFiles/cmTC_f06c7.dir/build
make[1]: Entering directory '/home/fjj/documents/fjj_ros_code/fjj_project_code/build/CMakeFiles/CMakeTmp'
Building C object CMakeFiles/cmTC_f06c7.dir/CheckFunctionExists.c.o
/usr/bin/cc    -DCHECK_FUNCTION_EXISTS=pthread_create   -o CMakeFiles/cmTC_f06c7.dir/CheckFunctionExists.c.o   -c /usr/share/cmake-3.5/Modules/CheckFunctionExists.c
Linking C executable cmTC_f06c7
/usr/bin/cmake -E cmake_link_script CMakeFiles/cmTC_f06c7.dir/link.txt --verbose=1
/usr/bin/cc   -DCHECK_FUNCTION_EXISTS=pthread_create    CMakeFiles/cmTC_f06c7.dir/CheckFunctionExists.c.o  -o cmTC_f06c7 -rdynamic -lpthreads 
/usr/bin/ld: 找不到 -lpthreads
collect2: error: ld returned 1 exit status
CMakeFiles/cmTC_f06c7.dir/build.make:97: recipe for target 'cmTC_f06c7' failed
make[1]: *** [cmTC_f06c7] Error 1
make[1]: Leaving directory '/home/fjj/documents/fjj_ros_code/fjj_project_code/build/CMakeFiles/CMakeTmp'
Makefile:126: recipe for target 'cmTC_f06c7/fast' failed
make: *** [cmTC_f06c7/fast] Error 2


