============================================================
Time  2019/03/30 11:53:22 186 
============================================================
[2019/03/30 11:53:22 186] isr        1659 isr loaded!  
[2019/03/30 11:53:22 186] isr        1642 SYS_MSG_REGCB param0 =   msp_status_cb  param1 =   func(cc02cca0) 
[2019/03/30 11:53:22 186] isr        1537 ASR_MSG_SSB  
[2019/03/30 11:53:22 187] isr        1066 session_begin() [in], params:   sub = iat, domain = iat, language = zh_cn, accent = mandarin, sample_rate = 16000, result_type = plain, result_encoding = utf8  nil  
[2019/03/30 11:53:22 187] isr        927  vad_set [in]  
[2019/03/30 11:53:22 187] isr        962  vad_enable :  true  
[2019/03/30 11:53:22 187] isr        980  vad_bos :  10000  
[2019/03/30 11:53:22 187] isr        981  vad_eos :  2000  
[2019/03/30 11:53:22 187] isr        886  enable_vad [in]  
[2019/03/30 11:53:22 188] isr        918  vad enabled!  2000  10000  
[2019/03/30 11:53:22 188] isr        921  enable_vad [out]  
[2019/03/30 11:53:22 188] isr        987  vad_set [out] | ret =  0  
[2019/03/30 11:53:22 188] isr        1187 cur_engine_type =   cloud  
[2019/03/30 11:53:22 188] isr        1001 cloud_session_begin  
[2019/03/30 11:53:22 188] isr        1013 standard  
[2019/03/30 11:53:22 290] isr        691  cloud_err_cb errorcode =   10407  detail =   MSS:bad response:10407  
[2019/03/30 11:53:22 290] isr        399  error occurred:   cloud  10407  
[2019/03/30 11:53:22 387] isr        1547 ASR_MSG_AUW,   cloud  
[2019/03/30 11:53:22 387] isr        1559 3200  1  
[2019/03/30 11:53:22 387] isr        1569 once_bytes:   3200  
[2019/03/30 11:53:22 389] isr        1639 ASR_MSG_SSE,   cloud  
[2019/03/30 11:53:22 389] isr        1356 session_end() [in]  
[2019/03/30 11:53:22 389] isr        1421 cloud_session_end() [in]  
[2019/03/30 11:53:22 390] isr        1488 ns_host=  open.xf-yun.com  
[2019/03/30 11:53:22 391] isr        1498 tick()mod=  10557569  
[2019/03/30 11:53:22 391] isr        1499 tick()=  10557569  
[2019/03/30 11:53:22 391] isr        1501 diff=  145  
[2019/03/30 11:53:22 391] isr        1514 cloud_session_end() [out]  
[2019/03/30 11:53:22 392] isr        1667 isr unload!  
============================================================
Time  2019/03/30 11:56:00 709 
============================================================
[2019/03/30 11:56:00 709] isr        1659 isr loaded!  
[2019/03/30 11:56:00 709] isr        1642 SYS_MSG_REGCB param0 =   msp_status_cb  param1 =   func(7402cca0) 
[2019/03/30 11:56:00 709] isr        1537 ASR_MSG_SSB  
[2019/03/30 11:56:00 709] isr        1066 session_begin() [in], params:   sub = iat, domain = iat, language = zh_cn, accent = mandarin, sample_rate = 16000, result_type = plain, result_encoding = utf8  nil  
[2019/03/30 11:56:00 710] isr        927  vad_set [in]  
[2019/03/30 11:56:00 710] isr        962  vad_enable :  true  
[2019/03/30 11:56:00 710] isr        980  vad_bos :  10000  
[2019/03/30 11:56:00 710] isr        981  vad_eos :  2000  
[2019/03/30 11:56:00 710] isr        886  enable_vad [in]  
[2019/03/30 11:56:00 710] isr        918  vad enabled!  2000  10000  
[2019/03/30 11:56:00 710] isr        921  enable_vad [out]  
[2019/03/30 11:56:00 710] isr        987  vad_set [out] | ret =  0  
[2019/03/30 11:56:00 710] isr        1187 cur_engine_type =   cloud  
[2019/03/30 11:56:00 710] isr        1001 cloud_session_begin  
[2019/03/30 11:56:00 710] isr        1013 standard  
[2019/03/30 11:56:00 863] isr        691  cloud_err_cb errorcode =   10407  detail =   MSS:bad response:10407  
[2019/03/30 11:56:00 863] isr        399  error occurred:   cloud  10407  
[2019/03/30 11:56:00 945] isr        1547 ASR_MSG_AUW,   cloud  
[2019/03/30 11:56:00 945] isr        1559 3200  1  
[2019/03/30 11:56:00 946] isr        1569 once_bytes:   3200  
[2019/03/30 11:56:00 947] isr        1639 ASR_MSG_SSE,   cloud  
[2019/03/30 11:56:00 947] isr        1356 session_end() [in]  
[2019/03/30 11:56:00 947] isr        1421 cloud_session_end() [in]  
[2019/03/30 11:56:00 949] isr        1488 ns_host=  open.xf-yun.com  
[2019/03/30 11:56:00 949] isr        1498 tick()mod=  10716127  
[2019/03/30 11:56:00 949] isr        1499 tick()=  10716127  
[2019/03/30 11:56:00 950] isr        1501 diff=  188  
[2019/03/30 11:56:00 950] isr        1514 cloud_session_end() [out]  
[2019/03/30 11:56:00 950] isr        851  [aud] speech start  
[2019/03/30 11:56:00 950] isr        798  1  msc  
[2019/03/30 11:56:00 951] isr        1667 isr unload!  
============================================================
Time  2019/03/30 12:02:44 942 
============================================================
[2019/03/30 12:02:44 942] isr        1659 isr loaded!  
[2019/03/30 12:02:44 942] isr        1642 SYS_MSG_REGCB param0 =   msp_status_cb  param1 =   func(a802d230) 
[2019/03/30 12:02:44 942] isr        1537 ASR_MSG_SSB  
[2019/03/30 12:02:44 942] isr        1066 session_begin() [in], params:   sub = iat, domain = iat, language = zh_cn, accent = mandarin, sample_rate = 16000, result_type = plain, result_encoding = utf8  nil  
[2019/03/30 12:02:44 942] isr        927  vad_set [in]  
[2019/03/30 12:02:44 942] isr        962  vad_enable :  true  
[2019/03/30 12:02:44 942] isr        980  vad_bos :  10000  
[2019/03/30 12:02:44 942] isr        981  vad_eos :  2000  
[2019/03/30 12:02:44 942] isr        886  enable_vad [in]  
[2019/03/30 12:02:44 943] isr        918  vad enabled!  2000  10000  
[2019/03/30 12:02:44 943] isr        921  enable_vad [out]  
[2019/03/30 12:02:44 943] isr        987  vad_set [out] | ret =  0  
[2019/03/30 12:02:44 943] isr        1187 cur_engine_type =   cloud  
[2019/03/30 12:02:44 943] isr        1001 cloud_session_begin  
[2019/03/30 12:02:44 943] isr        1013 unknown  
[2019/03/30 12:02:45 041] isr        1547 ASR_MSG_AUW,   cloud  
[2019/03/30 12:02:45 041] isr        1559 3200  1  
[2019/03/30 12:02:45 041] isr        1569 once_bytes:   3200  
[2019/03/30 12:02:45 045] isr        851  [aud] speech start  
[2019/03/30 12:02:45 045] isr        798  1  msc  
[2019/03/30 12:02:45 154] isr        1547 ASR_MSG_AUW,   cloud  
[2019/03/30 12:02:45 155] isr        1559 3200  2  
[2019/03/30 12:02:45 256] isr        1547 ASR_MSG_AUW,   cloud  
[2019/03/30 12:02:45 256] isr        1559 3200  2  
[2019/03/30 12:02:45 356] isr        1547 ASR_MSG_AUW,   cloud  
[2019/03/30 12:02:45 356] isr        1559 3200  2  
[2019/03/30 12:02:45 457] isr        1547 ASR_MSG_AUW,   cloud  
[2019/03/30 12:02:45 457] isr        1559 3200  2  
[2019/03/30 12:02:45 558] isr        1547 ASR_MSG_AUW,   cloud  
[2019/03/30 12:02:45 558] isr        1559 3200  2  
[2019/03/30 12:02:45 678] isr        1547 ASR_MSG_AUW,   cloud  
[2019/03/30 12:02:45 678] isr        1559 3200  2  
[2019/03/30 12:02:45 779] isr        1547 ASR_MSG_AUW,   cloud  
[2019/03/30 12:02:45 779] isr        1559 3200  2  
[2019/03/30 12:02:45 880] isr        1547 ASR_MSG_AUW,   cloud  
[2019/03/30 12:02:45 881] isr        1559 3200  2  
[2019/03/30 12:02:45 980] isr        1547 ASR_MSG_AUW,   cloud  
[2019/03/30 12:02:45 980] isr        1559 3200  2  
[2019/03/30 12:02:46 081] isr        1547 ASR_MSG_AUW,   cloud  
[2019/03/30 12:02:46 081] isr        1559 3200  2  
[2019/03/30 12:02:46 182] isr        1547 ASR_MSG_AUW,   cloud  
[2019/03/30 12:02:46 183] isr        1559 3200  2  
[2019/03/30 12:02:46 301] isr        1547 ASR_MSG_AUW,   cloud  
[2019/03/30 12:02:46 301] isr        1559 3200  2  
[2019/03/30 12:02:46 403] isr        1547 ASR_MSG_AUW,   cloud  
[2019/03/30 12:02:46 403] isr        1559 3200  2  
[2019/03/30 12:02:46 504] isr        1547 ASR_MSG_AUW,   cloud  
[2019/03/30 12:02:46 504] isr        1559 3200  2  
[2019/03/30 12:02:46 604] isr        1547 ASR_MSG_AUW,   cloud  
[2019/03/30 12:02:46 604] isr        1559 3200  2  
[2019/03/30 12:02:46 704] isr        1547 ASR_MSG_AUW,   cloud  
[2019/03/30 12:02:46 704] isr        1559 3200  2  
[2019/03/30 12:02:46 806] isr        1547 ASR_MSG_AUW,   cloud  
[2019/03/30 12:02:46 806] isr        1559 3200  2  
[2019/03/30 12:02:46 907] isr        1547 ASR_MSG_AUW,   cloud  
[2019/03/30 12:02:46 907] isr        1559 3200  2  
[2019/03/30 12:02:47 008] isr        1547 ASR_MSG_AUW,   cloud  
[2019/03/30 12:02:47 009] isr        1559 3200  2  
[2019/03/30 12:02:47 109] isr        1547 ASR_MSG_AUW,   cloud  
[2019/03/30 12:02:47 109] isr        1559 3200  2  
[2019/03/30 12:02:47 210] isr        1547 ASR_MSG_AUW,   cloud  
[2019/03/30 12:02:47 210] isr        1559 3200  2  
[2019/03/30 12:02:47 312] isr        1547 ASR_MSG_AUW,   cloud  
[2019/03/30 12:02:47 312] isr        1559 3200  2  
[2019/03/30 12:02:47 413] isr        1547 ASR_MSG_AUW,   cloud  
[2019/03/30 12:02:47 413] isr        1559 3200  2  
[2019/03/30 12:02:47 514] isr        1547 ASR_MSG_AUW,   cloud  
[2019/03/30 12:02:47 514] isr        1559 3200  2  
[2019/03/30 12:02:47 613] isr        1547 ASR_MSG_AUW,   cloud  
[2019/03/30 12:02:47 613] isr        1559 3200  2  
[2019/03/30 12:02:47 714] isr        1547 ASR_MSG_AUW,   cloud  
[2019/03/30 12:02:47 714] isr        1559 3200  2  
[2019/03/30 12:02:47 815] isr        1547 ASR_MSG_AUW,   cloud  
[2019/03/30 12:02:47 815] isr        1559 3200  2  
[2019/03/30 12:02:47 915] isr        1547 ASR_MSG_AUW,   cloud  
[2019/03/30 12:02:47 915] isr        1559 3200  2  
[2019/03/30 12:02:48 016] isr        1547 ASR_MSG_AUW,   cloud  
[2019/03/30 12:02:48 016] isr        1559 3200  2  
[2019/03/30 12:02:48 117] isr        1547 ASR_MSG_AUW,   cloud  
[2019/03/30 12:02:48 117] isr        1559 3200  2  
[2019/03/30 12:02:48 218] isr        1547 ASR_MSG_AUW,   cloud  
[2019/03/30 12:02:48 218] isr        1559 3200  2  
[2019/03/30 12:02:48 318] isr        1547 ASR_MSG_AUW,   cloud  
[2019/03/30 12:02:48 318] isr        1559 3200  2  
[2019/03/30 12:02:48 439] isr        1547 ASR_MSG_AUW,   cloud  
[2019/03/30 12:02:48 439] isr        1559 3200  2  
[2019/03/30 12:02:48 440] isr        1547 ASR_MSG_AUW,   cloud  
[2019/03/30 12:02:48 440] isr        1559 3200  2  
[2019/03/30 12:02:48 540] isr        1547 ASR_MSG_AUW,   cloud  
[2019/03/30 12:02:48 540] isr        1559 3200  2  
[2019/03/30 12:02:48 641] isr        1547 ASR_MSG_AUW,   cloud  
[2019/03/30 12:02:48 641] isr        1559 3200  2  
[2019/03/30 12:02:48 741] isr        1547 ASR_MSG_AUW,   cloud  
[2019/03/30 12:02:48 741] isr        1559 3200  2  
[2019/03/30 12:02:48 843] isr        1547 ASR_MSG_AUW,   cloud  
[2019/03/30 12:02:48 843] isr        1559 3200  2  
[2019/03/30 12:02:48 944] isr        1547 ASR_MSG_AUW,   cloud  
[2019/03/30 12:02:48 944] isr        1559 3200  2  
[2019/03/30 12:02:49 061] isr        1547 ASR_MSG_AUW,   cloud  
[2019/03/30 12:02:49 061] isr        1559 3200  2  
[2019/03/30 12:02:49 181] isr        1547 ASR_MSG_AUW,   cloud  
[2019/03/30 12:02:49 181] isr        1559 3200  2  
[2019/03/30 12:02:49 281] isr        1547 ASR_MSG_AUW,   cloud  
[2019/03/30 12:02:49 281] isr        1559 3200  2  
[2019/03/30 12:02:49 382] isr        1547 ASR_MSG_AUW,   cloud  
[2019/03/30 12:02:49 383] isr        1559 3200  2  
[2019/03/30 12:02:49 484] isr        1547 ASR_MSG_AUW,   cloud  
[2019/03/30 12:02:49 484] isr        1559 3200  2  
============================================================
Time  2019/03/30 12:02:57 300 
============================================================
[2019/03/30 12:02:57 300] isr        1659 isr loaded!  
[2019/03/30 12:02:57 300] isr        1642 SYS_MSG_REGCB param0 =   msp_status_cb  param1 =   func(f802d230) 
[2019/03/30 12:02:57 300] isr        1537 ASR_MSG_SSB  
[2019/03/30 12:02:57 300] isr        1066 session_begin() [in], params:   sub = iat, domain = iat, language = zh_cn, accent = mandarin, sample_rate = 16000, result_type = plain, result_encoding = utf8  nil  
[2019/03/30 12:02:57 300] isr        927  vad_set [in]  
[2019/03/30 12:02:57 300] isr        962  vad_enable :  true  
[2019/03/30 12:02:57 300] isr        980  vad_bos :  10000  
[2019/03/30 12:02:57 300] isr        981  vad_eos :  2000  
[2019/03/30 12:02:57 300] isr        886  enable_vad [in]  
[2019/03/30 12:02:57 301] isr        918  vad enabled!  2000  10000  
[2019/03/30 12:02:57 301] isr        921  enable_vad [out]  
[2019/03/30 12:02:57 301] isr        987  vad_set [out] | ret =  0  
[2019/03/30 12:02:57 301] isr        1187 cur_engine_type =   cloud  
[2019/03/30 12:02:57 301] isr        1001 cloud_session_begin  
[2019/03/30 12:02:57 301] isr        1013 unknown  
[2019/03/30 12:02:57 399] isr        1547 ASR_MSG_AUW,   cloud  
[2019/03/30 12:02:57 400] isr        1559 3200  1  
[2019/03/30 12:02:57 400] isr        1569 once_bytes:   3200  
[2019/03/30 12:02:57 402] isr        851  [aud] speech start  
[2019/03/30 12:02:57 403] isr        798  1  msc  
[2019/03/30 12:02:57 494] isr        1547 ASR_MSG_AUW,   cloud  
[2019/03/30 12:02:57 494] isr        1559 3200  2  
[2019/03/30 12:02:57 598] isr        1547 ASR_MSG_AUW,   cloud  
[2019/03/30 12:02:57 598] isr        1559 3200  2  
[2019/03/30 12:02:57 715] isr        1547 ASR_MSG_AUW,   cloud  
[2019/03/30 12:02:57 715] isr        1559 3200  2  
[2019/03/30 12:02:57 815] isr        1547 ASR_MSG_AUW,   cloud  
[2019/03/30 12:02:57 815] isr        1559 3200  2  
[2019/03/30 12:02:57 916] isr        1547 ASR_MSG_AUW,   cloud  
[2019/03/30 12:02:57 916] isr        1559 3200  2  
[2019/03/30 12:02:58 016] isr        1547 ASR_MSG_AUW,   cloud  
[2019/03/30 12:02:58 016] isr        1559 3200  2  
[2019/03/30 12:02:58 118] isr        1547 ASR_MSG_AUW,   cloud  
[2019/03/30 12:02:58 118] isr        1559 3200  2  
[2019/03/30 12:02:58 218] isr        1547 ASR_MSG_AUW,   cloud  
[2019/03/30 12:02:58 218] isr        1559 3200  2  
[2019/03/30 12:02:58 337] isr        1547 ASR_MSG_AUW,   cloud  
[2019/03/30 12:02:58 337] isr        1559 3200  2  
[2019/03/30 12:02:58 437] isr        1547 ASR_MSG_AUW,   cloud  
[2019/03/30 12:02:58 438] isr        1559 3200  2  
[2019/03/30 12:02:58 557] isr        1547 ASR_MSG_AUW,   cloud  
[2019/03/30 12:02:58 557] isr        1559 3200  2  
[2019/03/30 12:02:58 675] isr        1547 ASR_MSG_AUW,   cloud  
[2019/03/30 12:02:58 675] isr        1559 3200  2  
[2019/03/30 12:02:58 777] isr        1547 ASR_MSG_AUW,   cloud  
[2019/03/30 12:02:58 777] isr        1559 3200  2  
[2019/03/30 12:02:58 878] isr        1547 ASR_MSG_AUW,   cloud  
[2019/03/30 12:02:58 878] isr        1559 3200  2  
[2019/03/30 12:02:58 979] isr        1547 ASR_MSG_AUW,   cloud  
[2019/03/30 12:02:58 979] isr        1559 3200  2  
[2019/03/30 12:02:59 081] isr        1547 ASR_MSG_AUW,   cloud  
[2019/03/30 12:02:59 081] isr        1559 3200  2  
[2019/03/30 12:02:59 181] isr        1547 ASR_MSG_AUW,   cloud  
[2019/03/30 12:02:59 181] isr        1559 3200  2  
[2019/03/30 12:02:59 282] isr        1547 ASR_MSG_AUW,   cloud  
[2019/03/30 12:02:59 283] isr        1559 3200  2  
[2019/03/30 12:02:59 402] isr        1547 ASR_MSG_AUW,   cloud  
[2019/03/30 12:02:59 402] isr        1559 3200  2  
[2019/03/30 12:02:59 403] isr        1547 ASR_MSG_AUW,   cloud  
[2019/03/30 12:02:59 403] isr        1559 3200  2  
[2019/03/30 12:02:59 503] isr        1547 ASR_MSG_AUW,   cloud  
[2019/03/30 12:02:59 503] isr        1559 3200  2  
[2019/03/30 12:02:59 623] isr        1547 ASR_MSG_AUW,   cloud  
[2019/03/30 12:02:59 623] isr        1559 3200  2  
[2019/03/30 12:02:59 723] isr        1547 ASR_MSG_AUW,   cloud  
[2019/03/30 12:02:59 723] isr        1559 3200  2  
[2019/03/30 12:02:59 824] isr        1547 ASR_MSG_AUW,   cloud  
[2019/03/30 12:02:59 824] isr        1559 3200  2  
[2019/03/30 12:02:59 937] isr        1547 ASR_MSG_AUW,   cloud  
[2019/03/30 12:02:59 937] isr        1559 3200  2  
[2019/03/30 12:03:00 037] isr        1547 ASR_MSG_AUW,   cloud  
[2019/03/30 12:03:00 037] isr        1559 3200  2  
[2019/03/30 12:03:00 156] isr        1547 ASR_MSG_AUW,   cloud  
[2019/03/30 12:03:00 156] isr        1559 3200  2  
[2019/03/30 12:03:00 277] isr        1547 ASR_MSG_AUW,   cloud  
[2019/03/30 12:03:00 277] isr        1559 3200  2  
[2019/03/30 12:03:00 377] isr        1547 ASR_MSG_AUW,   cloud  
[2019/03/30 12:03:00 377] isr        1559 3200  2  
[2019/03/30 12:03:00 478] isr        1547 ASR_MSG_AUW,   cloud  
[2019/03/30 12:03:00 478] isr        1559 3200  2  
[2019/03/30 12:03:00 580] isr        1547 ASR_MSG_AUW,   cloud  
[2019/03/30 12:03:00 580] isr        1559 3200  2  
[2019/03/30 12:03:00 699] isr        1547 ASR_MSG_AUW,   cloud  
[2019/03/30 12:03:00 699] isr        1559 3200  2  
[2019/03/30 12:03:00 700] isr        1547 ASR_MSG_AUW,   cloud  
[2019/03/30 12:03:00 700] isr        1559 3200  2  
[2019/03/30 12:03:00 800] isr        1547 ASR_MSG_AUW,   cloud  
[2019/03/30 12:03:00 800] isr        1559 3200  2  
[2019/03/30 12:03:00 901] isr        1547 ASR_MSG_AUW,   cloud  
[2019/03/30 12:03:00 901] isr        1559 3200  2  
[2019/03/30 12:03:01 001] isr        1547 ASR_MSG_AUW,   cloud  
[2019/03/30 12:03:01 001] isr        1559 3200  2  
[2019/03/30 12:03:01 101] isr        1547 ASR_MSG_AUW,   cloud  
[2019/03/30 12:03:01 101] isr        1559 3200  2  
[2019/03/30 12:03:01 202] isr        1547 ASR_MSG_AUW,   cloud  
[2019/03/30 12:03:01 202] isr        1559 3200  2  
[2019/03/30 12:03:01 322] isr        1547 ASR_MSG_AUW,   cloud  
[2019/03/30 12:03:01 322] isr        1559 3200  2  
[2019/03/30 12:03:01 438] isr        1547 ASR_MSG_AUW,   cloud  
[2019/03/30 12:03:01 438] isr        1559 3200  2  
[2019/03/30 12:03:01 557] isr        1547 ASR_MSG_AUW,   cloud  
[2019/03/30 12:03:01 557] isr        1559 3200  2  
[2019/03/30 12:03:01 676] isr        1547 ASR_MSG_AUW,   cloud  
[2019/03/30 12:03:01 676] isr        1559 3200  2  
[2019/03/30 12:03:01 796] isr        1547 ASR_MSG_AUW,   cloud  
[2019/03/30 12:03:01 796] isr        1559 3200  2  
[2019/03/30 12:03:01 797] isr        1547 ASR_MSG_AUW,   cloud  
[2019/03/30 12:03:01 797] isr        1559 3200  2  
[2019/03/30 12:03:01 895] isr        1547 ASR_MSG_AUW,   cloud  
[2019/03/30 12:03:01 895] isr        1559 3200  2  
[2019/03/30 12:03:02 015] isr        1547 ASR_MSG_AUW,   cloud  
[2019/03/30 12:03:02 015] isr        1559 3200  2  
[2019/03/30 12:03:02 016] isr        854  [aud] speech end  
[2019/03/30 12:03:02 016] isr        798  3  msc  
[2019/03/30 12:03:02 016] isr        864  aud end, MSC VAD  
[2019/03/30 12:03:02 018] isr        707  cloud_status_cb, start local.  
[2019/03/30 12:03:02 116] isr        1547 ASR_MSG_AUW,   cloud  
[2019/03/30 12:03:02 117] isr        1559 3200  2  
[2019/03/30 12:03:02 120] isr        1636 ASR_MSG_GRSLT,   cloud  
[2019/03/30 12:03:02 120] isr        1335 0  nil  2  
[2019/03/30 12:03:02 220] isr        1636 ASR_MSG_GRSLT,   cloud  
[2019/03/30 12:03:02 221] isr        1335 0  nil  2  
[2019/03/30 12:03:02 321] isr        1636 ASR_MSG_GRSLT,   cloud  
[2019/03/30 12:03:02 322] isr        1335 0  nil  2  
[2019/03/30 12:03:02 423] isr        1636 ASR_MSG_GRSLT,   cloud  
[2019/03/30 12:03:02 423] isr        1335 0  nil  2  
[2019/03/30 12:03:02 524] isr        1636 ASR_MSG_GRSLT,   cloud  
[2019/03/30 12:03:02 524] isr        1335 0  nil  2  
[2019/03/30 12:03:02 624] isr        1636 ASR_MSG_GRSLT,   cloud  
[2019/03/30 12:03:02 624] isr        1335 0  nil  2  
[2019/03/30 12:03:02 725] isr        1636 ASR_MSG_GRSLT,   cloud  
[2019/03/30 12:03:02 725] isr        1335 0  nil  2  
[2019/03/30 12:03:02 826] isr        1636 ASR_MSG_GRSLT,   cloud  
[2019/03/30 12:03:02 826] isr        1335 0  nil  2  
[2019/03/30 12:03:02 927] isr        1636 ASR_MSG_GRSLT,   cloud  
[2019/03/30 12:03:02 927] isr        1335 0  nil  2  
[2019/03/30 12:03:03 028] isr        1636 ASR_MSG_GRSLT,   cloud  
[2019/03/30 12:03:03 028] isr        1335 0  nil  2  
[2019/03/30 12:03:03 132] isr        1636 ASR_MSG_GRSLT,   cloud  
[2019/03/30 12:03:03 132] isr        1335 0  nil  2  
[2019/03/30 12:03:03 233] isr        1636 ASR_MSG_GRSLT,   cloud  
[2019/03/30 12:03:03 233] isr        1335 0  nil  2  
[2019/03/30 12:03:03 334] isr        1636 ASR_MSG_GRSLT,   cloud  
[2019/03/30 12:03:03 334] isr        1335 0  nil  2  
[2019/03/30 12:03:03 435] isr        1636 ASR_MSG_GRSLT,   cloud  
[2019/03/30 12:03:03 435] isr        1335 0  nil  2  
[2019/03/30 12:03:03 536] isr        1636 ASR_MSG_GRSLT,   cloud  
[2019/03/30 12:03:03 536] isr        1335 0  nil  2  
[2019/03/30 12:03:03 637] isr        1636 ASR_MSG_GRSLT,   cloud  
[2019/03/30 12:03:03 637] isr        1335 0  nil  2  
[2019/03/30 12:03:03 737] isr        1636 ASR_MSG_GRSLT,   cloud  
[2019/03/30 12:03:03 737] isr        1335 0  nil  2  
[2019/03/30 12:03:03 838] isr        1636 ASR_MSG_GRSLT,   cloud  
[2019/03/30 12:03:03 838] isr        1335 0  nil  2  
[2019/03/30 12:03:03 939] isr        1636 ASR_MSG_GRSLT,   cloud  
[2019/03/30 12:03:03 939] isr        1335 0  nil  2  
[2019/03/30 12:03:04 040] isr        1636 ASR_MSG_GRSLT,   cloud  
[2019/03/30 12:03:04 040] isr        1335 0  nil  2  
[2019/03/30 12:03:04 141] isr        1636 ASR_MSG_GRSLT,   cloud  
[2019/03/30 12:03:04 141] isr        1335 0  nil  2  
[2019/03/30 12:03:04 241] isr        1636 ASR_MSG_GRSLT,   cloud  
[2019/03/30 12:03:04 241] isr        1335 0  nil  2  
[2019/03/30 12:03:04 342] isr        1636 ASR_MSG_GRSLT,   cloud  
[2019/03/30 12:03:04 342] isr        1335 0  nil  2  
[2019/03/30 12:03:04 442] isr        1636 ASR_MSG_GRSLT,   cloud  
[2019/03/30 12:03:04 443] isr        1335 0  nil  2  
[2019/03/30 12:03:04 543] isr        1636 ASR_MSG_GRSLT,   cloud  
[2019/03/30 12:03:04 544] isr        1335 0  nil  2  
[2019/03/30 12:03:04 644] isr        1636 ASR_MSG_GRSLT,   cloud  
[2019/03/30 12:03:04 644] isr        1335 0  nil  2  
[2019/03/30 12:03:04 745] isr        1636 ASR_MSG_GRSLT,   cloud  
[2019/03/30 12:03:04 745] isr        1335 0  nil  2  
[2019/03/30 12:03:04 846] isr        1636 ASR_MSG_GRSLT,   cloud  
[2019/03/30 12:03:04 846] isr        1335 0  nil  2  
[2019/03/30 12:03:04 947] isr        1636 ASR_MSG_GRSLT,   cloud  
[2019/03/30 12:03:04 947] isr        1335 0  nil  2  
[2019/03/30 12:03:05 048] isr        1636 ASR_MSG_GRSLT,   cloud  
[2019/03/30 12:03:05 048] isr        1335 0  nil  2  
[2019/03/30 12:03:05 148] isr        1636 ASR_MSG_GRSLT,   cloud  
[2019/03/30 12:03:05 148] isr        1335 0  nil  2  
[2019/03/30 12:03:05 249] isr        1636 ASR_MSG_GRSLT,   cloud  
[2019/03/30 12:03:05 249] isr        1335 0  nil  2  
[2019/03/30 12:03:05 350] isr        1636 ASR_MSG_GRSLT,   cloud  
[2019/03/30 12:03:05 350] isr        1335 0  nil  2  
[2019/03/30 12:03:05 450] isr        1636 ASR_MSG_GRSLT,   cloud  
[2019/03/30 12:03:05 451] isr        1335 0  nil  2  
[2019/03/30 12:03:05 551] isr        1636 ASR_MSG_GRSLT,   cloud  
[2019/03/30 12:03:05 551] isr        1335 0  nil  2  
[2019/03/30 12:03:05 652] isr        1636 ASR_MSG_GRSLT,   cloud  
[2019/03/30 12:03:05 652] isr        1335 0  nil  2  
[2019/03/30 12:03:05 753] isr        1636 ASR_MSG_GRSLT,   cloud  
[2019/03/30 12:03:05 753] isr        1335 0  nil  2  
[2019/03/30 12:03:05 854] isr        1636 ASR_MSG_GRSLT,   cloud  
[2019/03/30 12:03:05 854] isr        1335 0  nil  2  
[2019/03/30 12:03:05 954] isr        1636 ASR_MSG_GRSLT,   cloud  
[2019/03/30 12:03:05 954] isr        1335 0  nil  2  
[2019/03/30 12:03:06 055] isr        1636 ASR_MSG_GRSLT,   cloud  
[2019/03/30 12:03:06 055] isr        1335 0  nil  2  
[2019/03/30 12:03:06 156] isr        1636 ASR_MSG_GRSLT,   cloud  
[2019/03/30 12:03:06 156] isr        1335 0  nil  2  
[2019/03/30 12:03:06 257] isr        1636 ASR_MSG_GRSLT,   cloud  
[2019/03/30 12:03:06 257] isr        1335 0  nil  2  
[2019/03/30 12:03:06 358] isr        1636 ASR_MSG_GRSLT,   cloud  
[2019/03/30 12:03:06 358] isr        1335 0  nil  2  
[2019/03/30 12:03:06 459] isr        1636 ASR_MSG_GRSLT,   cloud  
[2019/03/30 12:03:06 459] isr        1335 0  nil  2  
[2019/03/30 12:03:06 560] isr        1636 ASR_MSG_GRSLT,   cloud  
[2019/03/30 12:03:06 560] isr        1335 0  nil  2  
[2019/03/30 12:03:06 660] isr        1636 ASR_MSG_GRSLT,   cloud  
[2019/03/30 12:03:06 660] isr        1335 0  nil  2  
[2019/03/30 12:03:06 761] isr        1636 ASR_MSG_GRSLT,   cloud  
[2019/03/30 12:03:06 761] isr        1335 0  nil  2  
[2019/03/30 12:03:06 861] isr        1636 ASR_MSG_GRSLT,   cloud  
[2019/03/30 12:03:06 862] isr        1335 0  nil  2  
[2019/03/30 12:03:06 962] isr        1636 ASR_MSG_GRSLT,   cloud  
[2019/03/30 12:03:06 963] isr        1335 0  nil  2  
[2019/03/30 12:03:07 063] isr        1636 ASR_MSG_GRSLT,   cloud  
[2019/03/30 12:03:07 063] isr        1335 0  nil  2  
[2019/03/30 12:03:07 164] isr        1636 ASR_MSG_GRSLT,   cloud  
[2019/03/30 12:03:07 164] isr        1335 0  nil  2  
[2019/03/30 12:03:07 265] isr        1636 ASR_MSG_GRSLT,   cloud  
[2019/03/30 12:03:07 265] isr        1335 0  nil  2  
[2019/03/30 12:03:07 366] isr        1636 ASR_MSG_GRSLT,   cloud  
[2019/03/30 12:03:07 366] isr        1335 0  nil  2  
[2019/03/30 12:03:07 467] isr        1636 ASR_MSG_GRSLT,   cloud  
[2019/03/30 12:03:07 467] isr        1335 0  nil  2  
[2019/03/30 12:03:07 568] isr        1636 ASR_MSG_GRSLT,   cloud  
[2019/03/30 12:03:07 568] isr        1335 0  nil  2  
[2019/03/30 12:03:07 669] isr        1636 ASR_MSG_GRSLT,   cloud  
[2019/03/30 12:03:07 669] isr        1335 0  nil  2  
[2019/03/30 12:03:07 769] isr        1636 ASR_MSG_GRSLT,   cloud  
[2019/03/30 12:03:07 770] isr        1335 0  nil  2  
[2019/03/30 12:03:07 871] isr        1636 ASR_MSG_GRSLT,   cloud  
[2019/03/30 12:03:07 871] isr        1335 0  nil  2  
[2019/03/30 12:03:07 971] isr        1636 ASR_MSG_GRSLT,   cloud  
[2019/03/30 12:03:07 972] isr        1335 0  nil  2  
[2019/03/30 12:03:08 072] isr        1636 ASR_MSG_GRSLT,   cloud  
[2019/03/30 12:03:08 073] isr        1335 0  nil  2  
[2019/03/30 12:03:08 173] isr        1636 ASR_MSG_GRSLT,   cloud  
[2019/03/30 12:03:08 173] isr        1335 0  nil  2  
[2019/03/30 12:03:08 195] isr        700  cloud_status_cb, eps:  1  
[2019/03/30 12:03:08 195] isr        798  1  cloud  
[2019/03/30 12:03:08 195] isr        800  already speech end  
[2019/03/30 12:03:08 196] isr        662  cloud_rslt_cb status =   0  
[2019/03/30 12:03:08 196] isr        641  process_result call:  cloud  udata(f8036a48) 0  nil  
[2019/03/30 12:03:08 196] isr        700  cloud_status_cb, eps:  3  
[2019/03/30 12:03:08 196] isr        798  3  cloud  
[2019/03/30 12:03:08 196] isr        800  already speech end  
[2019/03/30 12:03:08 196] isr        662  cloud_rslt_cb status =   5  
[2019/03/30 12:03:08 196] isr        641  process_result call:  cloud  udata(f8035b28) 5  nil  
[2019/03/30 12:03:08 196] isr        798  3  msc  
[2019/03/30 12:03:08 196] isr        800  already speech end  
[2019/03/30 12:03:08 274] isr        1636 ASR_MSG_GRSLT,   cloud  
[2019/03/30 12:03:08 274] isr        1335 0  udata(f8036a48) 0  
[2019/03/30 12:03:08 375] isr        1636 ASR_MSG_GRSLT,   cloud  
[2019/03/30 12:03:08 375] isr        1335 0  udata(f8035b28) 5  
[2019/03/30 12:03:08 476] isr        1639 ASR_MSG_SSE,   cloud  
[2019/03/30 12:03:08 476] isr        1356 session_end() [in]  
[2019/03/30 12:03:08 476] isr        1421 cloud_session_end() [in]  
[2019/03/30 12:03:08 479] isr        1488 ns_host=  open.xf-yun.com  
[2019/03/30 12:03:08 479] isr        1498 tick()mod=  11143657  
[2019/03/30 12:03:08 480] isr        1499 tick()=  11143657  
[2019/03/30 12:03:08 480] isr        1501 diff=  6972  
[2019/03/30 12:03:08 480] isr        1514 cloud_session_end() [out]  
[2019/03/30 12:03:08 480] isr        1667 isr unload!  
============================================================
Time  2019/03/30 12:50:27 095 
============================================================
[2019/03/30 12:50:27 095] isr        1659 isr loaded!  
[2019/03/30 12:50:27 095] isr        1642 SYS_MSG_REGCB param0 =   msp_status_cb  param1 =   func(6c02d210) 
[2019/03/30 12:50:27 096] isr        1537 ASR_MSG_SSB  
[2019/03/30 12:50:27 096] isr        1066 session_begin() [in], params:   sub = iat, domain = iat, language = zh_cn, accent = mandarin, sample_rate = 16000, result_type = plain, result_encoding = utf8  nil  
[2019/03/30 12:50:27 096] isr        927  vad_set [in]  
[2019/03/30 12:50:27 096] isr        962  vad_enable :  true  
[2019/03/30 12:50:27 096] isr        980  vad_bos :  10000  
[2019/03/30 12:50:27 096] isr        981  vad_eos :  2000  
[2019/03/30 12:50:27 096] isr        886  enable_vad [in]  
[2019/03/30 12:50:27 097] isr        918  vad enabled!  2000  10000  
[2019/03/30 12:50:27 097] isr        921  enable_vad [out]  
[2019/03/30 12:50:27 097] isr        987  vad_set [out] | ret =  0  
[2019/03/30 12:50:27 097] isr        1187 cur_engine_type =   cloud  
[2019/03/30 12:50:27 097] isr        1001 cloud_session_begin  
[2019/03/30 12:50:27 097] isr        1013 unknown  
[2019/03/30 12:50:27 193] isr        1547 ASR_MSG_AUW,   cloud  
[2019/03/30 12:50:27 193] isr        1559 3200  1  
[2019/03/30 12:50:27 193] isr        1569 once_bytes:   3200  
[2019/03/30 12:50:27 196] isr        851  [aud] speech start  
[2019/03/30 12:50:27 196] isr        798  1  msc  
[2019/03/30 12:50:27 292] isr        1547 ASR_MSG_AUW,   cloud  
[2019/03/30 12:50:27 292] isr        1559 3200  2  
[2019/03/30 12:50:27 346] isr        700  cloud_status_cb, eps:  1  
[2019/03/30 12:50:27 346] isr        798  1  cloud  
[2019/03/30 12:50:27 347] isr        813  cloud eps ignored  
[2019/03/30 12:50:27 393] isr        1547 ASR_MSG_AUW,   cloud  
[2019/03/30 12:50:27 393] isr        1559 3200  2  
[2019/03/30 12:50:27 493] isr        1547 ASR_MSG_AUW,   cloud  
[2019/03/30 12:50:27 493] isr        1559 3200  2  
[2019/03/30 12:50:27 594] isr        1547 ASR_MSG_AUW,   cloud  
[2019/03/30 12:50:27 594] isr        1559 3200  2  
[2019/03/30 12:50:27 703] isr        1547 ASR_MSG_AUW,   cloud  
[2019/03/30 12:50:27 703] isr        1559 3200  2  
[2019/03/30 12:50:27 813] isr        1547 ASR_MSG_AUW,   cloud  
[2019/03/30 12:50:27 813] isr        1559 3200  2  
[2019/03/30 12:50:27 915] isr        1547 ASR_MSG_AUW,   cloud  
[2019/03/30 12:50:27 915] isr        1559 3200  2  
[2019/03/30 12:50:28 017] isr        1547 ASR_MSG_AUW,   cloud  
[2019/03/30 12:50:28 017] isr        1559 3200  2  
[2019/03/30 12:50:28 119] isr        1547 ASR_MSG_AUW,   cloud  
[2019/03/30 12:50:28 120] isr        1559 3200  2  
[2019/03/30 12:50:28 220] isr        1547 ASR_MSG_AUW,   cloud  
[2019/03/30 12:50:28 220] isr        1559 3200  2  
[2019/03/30 12:50:28 322] isr        1547 ASR_MSG_AUW,   cloud  
[2019/03/30 12:50:28 322] isr        1559 3200  2  
[2019/03/30 12:50:28 425] isr        1547 ASR_MSG_AUW,   cloud  
[2019/03/30 12:50:28 425] isr        1559 3200  2  
[2019/03/30 12:50:28 529] isr        1547 ASR_MSG_AUW,   cloud  
[2019/03/30 12:50:28 529] isr        1559 3200  2  
[2019/03/30 12:50:28 634] isr        1547 ASR_MSG_AUW,   cloud  
[2019/03/30 12:50:28 634] isr        1559 3200  2  
[2019/03/30 12:50:28 734] isr        1547 ASR_MSG_AUW,   cloud  
[2019/03/30 12:50:28 734] isr        1559 3200  2  
[2019/03/30 12:50:28 836] isr        1547 ASR_MSG_AUW,   cloud  
[2019/03/30 12:50:28 836] isr        1559 3200  2  
[2019/03/30 12:50:28 936] isr        1547 ASR_MSG_AUW,   cloud  
[2019/03/30 12:50:28 936] isr        1559 3200  2  
[2019/03/30 12:50:29 037] isr        1547 ASR_MSG_AUW,   cloud  
[2019/03/30 12:50:29 037] isr        1559 3200  2  
[2019/03/30 12:50:29 137] isr        1547 ASR_MSG_AUW,   cloud  
[2019/03/30 12:50:29 138] isr        1559 3200  2  
[2019/03/30 12:50:29 238] isr        1547 ASR_MSG_AUW,   cloud  
[2019/03/30 12:50:29 238] isr        1559 3200  2  
[2019/03/30 12:50:29 341] isr        1547 ASR_MSG_AUW,   cloud  
[2019/03/30 12:50:29 341] isr        1559 3200  2  
[2019/03/30 12:50:29 443] isr        1547 ASR_MSG_AUW,   cloud  
[2019/03/30 12:50:29 443] isr        1559 3200  2  
[2019/03/30 12:50:29 545] isr        1547 ASR_MSG_AUW,   cloud  
[2019/03/30 12:50:29 545] isr        1559 3200  2  
[2019/03/30 12:50:29 646] isr        1547 ASR_MSG_AUW,   cloud  
[2019/03/30 12:50:29 646] isr        1559 3200  2  
[2019/03/30 12:50:29 747] isr        1547 ASR_MSG_AUW,   cloud  
[2019/03/30 12:50:29 747] isr        1559 3200  2  
[2019/03/30 12:50:29 849] isr        1547 ASR_MSG_AUW,   cloud  
[2019/03/30 12:50:29 849] isr        1559 3200  2  
[2019/03/30 12:50:29 950] isr        1547 ASR_MSG_AUW,   cloud  
[2019/03/30 12:50:29 950] isr        1559 3200  2  
[2019/03/30 12:50:30 052] isr        1547 ASR_MSG_AUW,   cloud  
[2019/03/30 12:50:30 052] isr        1559 3200  2  
[2019/03/30 12:50:30 161] isr        1547 ASR_MSG_AUW,   cloud  
[2019/03/30 12:50:30 161] isr        1559 3200  2  
[2019/03/30 12:50:30 263] isr        1547 ASR_MSG_AUW,   cloud  
[2019/03/30 12:50:30 263] isr        1559 3200  2  
[2019/03/30 12:50:30 365] isr        1547 ASR_MSG_AUW,   cloud  
[2019/03/30 12:50:30 365] isr        1559 3200  2  
[2019/03/30 12:50:30 467] isr        1547 ASR_MSG_AUW,   cloud  
[2019/03/30 12:50:30 467] isr        1559 3200  2  
[2019/03/30 12:50:30 576] isr        1547 ASR_MSG_AUW,   cloud  
[2019/03/30 12:50:30 576] isr        1559 3200  2  
[2019/03/30 12:50:30 636] isr        662  cloud_rslt_cb status =   0  
[2019/03/30 12:50:30 636] isr        641  process_result call:  cloud  udata(6c034268) 0  nil  
[2019/03/30 12:50:30 677] isr        1547 ASR_MSG_AUW,   cloud  
[2019/03/30 12:50:30 678] isr        1559 3200  2  
[2019/03/30 12:50:30 778] isr        1547 ASR_MSG_AUW,   cloud  
[2019/03/30 12:50:30 778] isr        1559 3200  2  
[2019/03/30 12:50:30 778] isr        1636 ASR_MSG_GRSLT,   cloud  
[2019/03/30 12:50:30 779] isr        1335 0  udata(6c034268) 0  
[2019/03/30 12:50:30 879] isr        1547 ASR_MSG_AUW,   cloud  
[2019/03/30 12:50:30 879] isr        1559 3200  2  
[2019/03/30 12:50:30 879] isr        1636 ASR_MSG_GRSLT,   cloud  
[2019/03/30 12:50:30 879] isr        1335 0  nil  2  
[2019/03/30 12:50:30 989] isr        1547 ASR_MSG_AUW,   cloud  
[2019/03/30 12:50:30 989] isr        1559 3200  2  
[2019/03/30 12:50:31 089] isr        1547 ASR_MSG_AUW,   cloud  
[2019/03/30 12:50:31 089] isr        1559 3200  2  
[2019/03/30 12:50:31 197] isr        1547 ASR_MSG_AUW,   cloud  
[2019/03/30 12:50:31 197] isr        1559 3200  2  
[2019/03/30 12:50:31 198] isr        1547 ASR_MSG_AUW,   cloud  
[2019/03/30 12:50:31 198] isr        1559 3200  2  
[2019/03/30 12:50:31 307] isr        1547 ASR_MSG_AUW,   cloud  
[2019/03/30 12:50:31 307] isr        1559 3200  2  
[2019/03/30 12:50:31 409] isr        1547 ASR_MSG_AUW,   cloud  
[2019/03/30 12:50:31 409] isr        1559 3200  2  
[2019/03/30 12:50:31 510] isr        1547 ASR_MSG_AUW,   cloud  
[2019/03/30 12:50:31 510] isr        1559 3200  2  
[2019/03/30 12:50:31 611] isr        1547 ASR_MSG_AUW,   cloud  
[2019/03/30 12:50:31 611] isr        1559 3200  2  
[2019/03/30 12:50:31 613] isr        854  [aud] speech end  
[2019/03/30 12:50:31 613] isr        798  3  msc  
[2019/03/30 12:50:31 613] isr        864  aud end, MSC VAD  
[2019/03/30 12:50:31 712] isr        1547 ASR_MSG_AUW,   cloud  
[2019/03/30 12:50:31 713] isr        1559 3200  2  
[2019/03/30 12:50:31 714] isr        1636 ASR_MSG_GRSLT,   cloud  
[2019/03/30 12:50:31 714] isr        1335 0  nil  2  
[2019/03/30 12:50:31 723] isr        700  cloud_status_cb, eps:  3  
[2019/03/30 12:50:31 723] isr        798  3  cloud  
[2019/03/30 12:50:31 723] isr        800  already speech end  
[2019/03/30 12:50:31 726] isr        662  cloud_rslt_cb status =   5  
[2019/03/30 12:50:31 726] isr        641  process_result call:  cloud  udata(6c036a18) 5  nil  
[2019/03/30 12:50:31 726] isr        798  3  msc  
[2019/03/30 12:50:31 726] isr        800  already speech end  
[2019/03/30 12:50:31 815] isr        1636 ASR_MSG_GRSLT,   cloud  
[2019/03/30 12:50:31 815] isr        1335 0  udata(6c036a18) 5  
[2019/03/30 12:50:31 916] isr        1639 ASR_MSG_SSE,   cloud  
[2019/03/30 12:50:31 916] isr        1356 session_end() [in]  
[2019/03/30 12:50:31 916] isr        1421 cloud_session_end() [in]  
[2019/03/30 12:50:31 918] isr        1488 ns_host=  open.xf-yun.com  
[2019/03/30 12:50:31 918] isr        1498 tick()mod=  13987096  
[2019/03/30 12:50:31 919] isr        1499 tick()=  13987096  
[2019/03/30 12:50:31 919] isr        1501 diff=  4756  
[2019/03/30 12:50:31 919] isr        1514 cloud_session_end() [out]  
[2019/03/30 12:50:31 920] isr        1667 isr unload!  
