Determining if the pthread_create exist failed with the following output:
Change Dir: /home/fjj/documents/fjj_ros_code/fjj_code/build/CMakeFiles/CMakeTmp

Run Build Command:"/usr/bin/make" "cmTC_21a0b/fast"
/usr/bin/make -f CMakeFiles/cmTC_21a0b.dir/build.make CMakeFiles/cmTC_21a0b.dir/build
make[1]: Entering directory '/home/fjj/documents/fjj_ros_code/fjj_code/build/CMakeFiles/CMakeTmp'
Building C object CMakeFiles/cmTC_21a0b.dir/CheckSymbolExists.c.o
/usr/bin/cc     -o CMakeFiles/cmTC_21a0b.dir/CheckSymbolExists.c.o   -c /home/fjj/documents/fjj_ros_code/fjj_code/build/CMakeFiles/CMakeTmp/CheckSymbolExists.c
Linking C executable cmTC_21a0b
/usr/bin/cmake -E cmake_link_script CMakeFiles/cmTC_21a0b.dir/link.txt --verbose=1
/usr/bin/cc       CMakeFiles/cmTC_21a0b.dir/CheckSymbolExists.c.o  -o cmTC_21a0b -rdynamic 
CMakeFiles/cmTC_21a0b.dir/CheckSymbolExists.c.o：在函数‘main’中：
CheckSymbolExists.c:(.text+0x16)：对‘pthread_create’未定义的引用
collect2: error: ld returned 1 exit status
CMakeFiles/cmTC_21a0b.dir/build.make:97: recipe for target 'cmTC_21a0b' failed
make[1]: *** [cmTC_21a0b] Error 1
make[1]: Leaving directory '/home/fjj/documents/fjj_ros_code/fjj_code/build/CMakeFiles/CMakeTmp'
Makefile:126: recipe for target 'cmTC_21a0b/fast' failed
make: *** [cmTC_21a0b/fast] Error 2

File /home/fjj/documents/fjj_ros_code/fjj_code/build/CMakeFiles/CMakeTmp/CheckSymbolExists.c:
/* */
#include <pthread.h>

int main(int argc, char** argv)
{
  (void)argv;
#ifndef pthread_create
  return ((int*)(&pthread_create))[argc];
#else
  (void)argc;
  return 0;
#endif
}

Determining if the function pthread_create exists in the pthreads failed with the following output:
Change Dir: /home/fjj/documents/fjj_ros_code/fjj_code/build/CMakeFiles/CMakeTmp

Run Build Command:"/usr/bin/make" "cmTC_c3cc7/fast"
/usr/bin/make -f CMakeFiles/cmTC_c3cc7.dir/build.make CMakeFiles/cmTC_c3cc7.dir/build
make[1]: Entering directory '/home/fjj/documents/fjj_ros_code/fjj_code/build/CMakeFiles/CMakeTmp'
Building C object CMakeFiles/cmTC_c3cc7.dir/CheckFunctionExists.c.o
/usr/bin/cc    -DCHECK_FUNCTION_EXISTS=pthread_create   -o CMakeFiles/cmTC_c3cc7.dir/CheckFunctionExists.c.o   -c /usr/share/cmake-3.5/Modules/CheckFunctionExists.c
Linking C executable cmTC_c3cc7
/usr/bin/cmake -E cmake_link_script CMakeFiles/cmTC_c3cc7.dir/link.txt --verbose=1
/usr/bin/cc   -DCHECK_FUNCTION_EXISTS=pthread_create    CMakeFiles/cmTC_c3cc7.dir/CheckFunctionExists.c.o  -o cmTC_c3cc7 -rdynamic -lpthreads 
/usr/bin/ld: 找不到 -lpthreads
collect2: error: ld returned 1 exit status
CMakeFiles/cmTC_c3cc7.dir/build.make:97: recipe for target 'cmTC_c3cc7' failed
make[1]: *** [cmTC_c3cc7] Error 1
make[1]: Leaving directory '/home/fjj/documents/fjj_ros_code/fjj_code/build/CMakeFiles/CMakeTmp'
Makefile:126: recipe for target 'cmTC_c3cc7/fast' failed
make: *** [cmTC_c3cc7/fast] Error 2


